# Logfile created on 2014-07-29 20:59:45 +0200 by logger.rb/44203
I, [2014-07-29T20:59:45.144484 #3177]  INFO -- : 0:  rake (10.3.2) from /home/piotrek/.rvm/gems/ruby-2.1.0/specifications/rake-10.3.2.gemspec
I, [2014-07-29T20:59:45.144875 #3177]  INFO -- : 0:  i18n (0.6.11) from /home/piotrek/.rvm/gems/ruby-2.1.0/specifications/i18n-0.6.11.gemspec
I, [2014-07-29T20:59:46.542485 #3177]  INFO -- : 0:  json (1.8.1) from /home/piotrek/.rvm/gems/ruby-2.1.0/specifications/json-1.8.1.gemspec
I, [2014-07-29T20:59:46.543932 #3177]  INFO -- : 0:  minitest (5.4.0) from /home/piotrek/.rvm/gems/ruby-2.1.0/specifications/minitest-5.4.0.gemspec
I, [2014-07-29T20:59:46.544811 #3177]  INFO -- : 0:  thread_safe (0.3.4) from /home/piotrek/.rvm/gems/ruby-2.1.0/specifications/thread_safe-0.3.4.gemspec
I, [2014-07-29T20:59:46.545691 #3177]  INFO -- : 0:  tzinfo (1.2.1) from /home/piotrek/.rvm/gems/ruby-2.1.0/specifications/tzinfo-1.2.1.gemspec
I, [2014-07-29T20:59:46.546611 #3177]  INFO -- : 0:  activesupport (4.1.2) from /home/piotrek/.rvm/gems/ruby-2.1.0/specifications/activesupport-4.1.2.gemspec
I, [2014-07-29T20:59:46.547191 #3177]  INFO -- : 0:  builder (3.2.2) from /home/piotrek/.rvm/gems/ruby-2.1.0/specifications/builder-3.2.2.gemspec
I, [2014-07-29T20:59:46.547491 #3177]  INFO -- : 0:  erubis (2.7.0) from /home/piotrek/.rvm/gems/ruby-2.1.0/specifications/erubis-2.7.0.gemspec
I, [2014-07-29T20:59:46.547798 #3177]  INFO -- : 0:  actionview (4.1.2) from /home/piotrek/.rvm/gems/ruby-2.1.0/specifications/actionview-4.1.2.gemspec
I, [2014-07-29T20:59:46.548172 #3177]  INFO -- : 0:  rack (1.5.2) from /home/piotrek/.rvm/gems/ruby-2.1.0/specifications/rack-1.5.2.gemspec
I, [2014-07-29T20:59:46.549023 #3177]  INFO -- : 0:  rack-test (0.6.2) from /home/piotrek/.rvm/gems/ruby-2.1.0/specifications/rack-test-0.6.2.gemspec
I, [2014-07-29T20:59:46.549387 #3177]  INFO -- : 0:  actionpack (4.1.2) from /home/piotrek/.rvm/gems/ruby-2.1.0/specifications/actionpack-4.1.2.gemspec
I, [2014-07-29T20:59:46.549684 #3177]  INFO -- : 0:  mime-types (1.25.1) from /home/piotrek/.rvm/gems/ruby-2.1.0/specifications/mime-types-1.25.1.gemspec
I, [2014-07-29T20:59:46.549982 #3177]  INFO -- : 0:  polyglot (0.3.5) from /home/piotrek/.rvm/gems/ruby-2.1.0/specifications/polyglot-0.3.5.gemspec
I, [2014-07-29T20:59:46.550299 #3177]  INFO -- : 0:  treetop (1.4.15) from /home/piotrek/.rvm/gems/ruby-2.1.0/specifications/treetop-1.4.15.gemspec
I, [2014-07-29T20:59:46.550832 #3177]  INFO -- : 0:  mail (2.5.4) from /home/piotrek/.rvm/gems/ruby-2.1.0/specifications/mail-2.5.4.gemspec
I, [2014-07-29T20:59:46.551425 #3177]  INFO -- : 0:  actionmailer (4.1.2) from /home/piotrek/.rvm/gems/ruby-2.1.0/specifications/actionmailer-4.1.2.gemspec
I, [2014-07-29T20:59:46.551980 #3177]  INFO -- : 0:  activemodel (4.1.2) from /home/piotrek/.rvm/gems/ruby-2.1.0/specifications/activemodel-4.1.2.gemspec
I, [2014-07-29T20:59:46.552421 #3177]  INFO -- : 0:  arel (5.0.1.20140414130214) from /home/piotrek/.rvm/gems/ruby-2.1.0/specifications/arel-5.0.1.20140414130214.gemspec
I, [2014-07-29T20:59:46.553163 #3177]  INFO -- : 0:  activerecord (4.1.2) from /home/piotrek/.rvm/gems/ruby-2.1.0/specifications/activerecord-4.1.2.gemspec
I, [2014-07-29T20:59:46.553995 #3177]  INFO -- : 0:  bundler (1.5.0) from /home/piotrek/.rvm/gems/ruby-2.1.0@global/specifications/bundler-1.5.0.gemspec
I, [2014-07-29T20:59:46.554518 #3177]  INFO -- : 0:  coffee-script-source (1.7.1) from /home/piotrek/.rvm/gems/ruby-2.1.0/specifications/coffee-script-source-1.7.1.gemspec
I, [2014-07-29T20:59:46.554802 #3177]  INFO -- : 0:  execjs (2.2.1) from /home/piotrek/.rvm/gems/ruby-2.1.0/specifications/execjs-2.2.1.gemspec
I, [2014-07-29T20:59:46.555095 #3177]  INFO -- : 0:  coffee-script (2.3.0) from /home/piotrek/.rvm/gems/ruby-2.1.0/specifications/coffee-script-2.3.0.gemspec
I, [2014-07-29T20:59:46.555378 #3177]  INFO -- : 0:  thor (0.19.1) from /home/piotrek/.rvm/gems/ruby-2.1.0/specifications/thor-0.19.1.gemspec
I, [2014-07-29T20:59:46.555658 #3177]  INFO -- : 0:  railties (4.1.2) from /home/piotrek/.rvm/gems/ruby-2.1.0/specifications/railties-4.1.2.gemspec
I, [2014-07-29T20:59:46.555948 #3177]  INFO -- : 0:  coffee-rails (4.0.1) from /home/piotrek/.rvm/gems/ruby-2.1.0/specifications/coffee-rails-4.0.1.gemspec
I, [2014-07-29T20:59:46.556224 #3177]  INFO -- : 0:  hike (1.2.3) from /home/piotrek/.rvm/gems/ruby-2.1.0/specifications/hike-1.2.3.gemspec
I, [2014-07-29T20:59:46.556496 #3177]  INFO -- : 0:  multi_json (1.10.1) from /home/piotrek/.rvm/gems/ruby-2.1.0/specifications/multi_json-1.10.1.gemspec
I, [2014-07-29T20:59:46.556818 #3177]  INFO -- : 0:  jbuilder (2.1.3) from /home/piotrek/.rvm/gems/ruby-2.1.0/specifications/jbuilder-2.1.3.gemspec
I, [2014-07-29T20:59:46.557108 #3177]  INFO -- : 0:  jquery-rails (3.1.1) from /home/piotrek/.rvm/gems/ruby-2.1.0/specifications/jquery-rails-3.1.1.gemspec
I, [2014-07-29T20:59:46.557398 #3177]  INFO -- : 0:  tilt (1.4.1) from /home/piotrek/.rvm/gems/ruby-2.1.0/specifications/tilt-1.4.1.gemspec
I, [2014-07-29T20:59:46.557673 #3177]  INFO -- : 0:  sprockets (2.11.0) from /home/piotrek/.rvm/gems/ruby-2.1.0/specifications/sprockets-2.11.0.gemspec
I, [2014-07-29T20:59:46.557962 #3177]  INFO -- : 0:  sprockets-rails (2.1.3) from /home/piotrek/.rvm/gems/ruby-2.1.0/specifications/sprockets-rails-2.1.3.gemspec
I, [2014-07-29T20:59:46.558250 #3177]  INFO -- : 0:  rails (4.1.2) from /home/piotrek/.rvm/gems/ruby-2.1.0/specifications/rails-4.1.2.gemspec
I, [2014-07-29T20:59:46.558528 #3177]  INFO -- : 0:  rdoc (4.1.1) from /home/piotrek/.rvm/gems/ruby-2.1.0/specifications/rdoc-4.1.1.gemspec
I, [2014-07-29T20:59:46.558817 #3177]  INFO -- : 0:  sass (3.2.19) from /home/piotrek/.rvm/gems/ruby-2.1.0/specifications/sass-3.2.19.gemspec
I, [2014-07-29T20:59:46.559106 #3177]  INFO -- : 0:  sass-rails (4.0.3) from /home/piotrek/.rvm/gems/ruby-2.1.0/specifications/sass-rails-4.0.3.gemspec
I, [2014-07-29T20:59:46.559379 #3177]  INFO -- : 0:  sdoc (0.4.0) from /home/piotrek/.rvm/gems/ruby-2.1.0/specifications/sdoc-0.4.0.gemspec
I, [2014-07-29T20:59:46.559671 #3177]  INFO -- : 0:  spring (1.1.3) from /home/piotrek/.rvm/gems/ruby-2.1.0/specifications/spring-1.1.3.gemspec
I, [2014-07-29T20:59:46.559948 #3177]  INFO -- : 0:  sqlite3 (1.3.9) from /home/piotrek/.rvm/gems/ruby-2.1.0/specifications/sqlite3-1.3.9.gemspec
I, [2014-07-29T20:59:46.560231 #3177]  INFO -- : 0:  turbolinks (2.2.2) from /home/piotrek/.rvm/gems/ruby-2.1.0/specifications/turbolinks-2.2.2.gemspec
I, [2014-07-29T20:59:46.560521 #3177]  INFO -- : 0:  uglifier (2.5.3) from /home/piotrek/.rvm/gems/ruby-2.1.0/specifications/uglifier-2.5.3.gemspec
I, [2014-08-05T22:14:56.840250 #2936]  INFO -- : 0:  rake (10.3.2) from /home/piotrek/.rvm/gems/ruby-2.1.0/specifications/rake-10.3.2.gemspec
I, [2014-08-05T22:14:56.841006 #2936]  INFO -- : 0:  i18n (0.6.11) from /home/piotrek/.rvm/gems/ruby-2.1.0/specifications/i18n-0.6.11.gemspec
I, [2014-08-05T22:14:58.133960 #2936]  INFO -- : 0:  json (1.8.1) from /home/piotrek/.rvm/gems/ruby-2.1.0/specifications/json-1.8.1.gemspec
I, [2014-08-05T22:14:58.135947 #2936]  INFO -- : 0:  minitest (5.4.0) from /home/piotrek/.rvm/gems/ruby-2.1.0/specifications/minitest-5.4.0.gemspec
I, [2014-08-05T22:14:58.136914 #2936]  INFO -- : 0:  thread_safe (0.3.4) from /home/piotrek/.rvm/gems/ruby-2.1.0/specifications/thread_safe-0.3.4.gemspec
I, [2014-08-05T22:14:58.137824 #2936]  INFO -- : 0:  tzinfo (1.2.1) from /home/piotrek/.rvm/gems/ruby-2.1.0/specifications/tzinfo-1.2.1.gemspec
I, [2014-08-05T22:14:58.138916 #2936]  INFO -- : 0:  activesupport (4.1.2) from /home/piotrek/.rvm/gems/ruby-2.1.0/specifications/activesupport-4.1.2.gemspec
I, [2014-08-05T22:14:58.139836 #2936]  INFO -- : 0:  builder (3.2.2) from /home/piotrek/.rvm/gems/ruby-2.1.0/specifications/builder-3.2.2.gemspec
I, [2014-08-05T22:14:58.140752 #2936]  INFO -- : 0:  erubis (2.7.0) from /home/piotrek/.rvm/gems/ruby-2.1.0/specifications/erubis-2.7.0.gemspec
I, [2014-08-05T22:14:58.141690 #2936]  INFO -- : 0:  actionview (4.1.2) from /home/piotrek/.rvm/gems/ruby-2.1.0/specifications/actionview-4.1.2.gemspec
I, [2014-08-05T22:14:58.142644 #2936]  INFO -- : 0:  rack (1.5.2) from /home/piotrek/.rvm/gems/ruby-2.1.0/specifications/rack-1.5.2.gemspec
I, [2014-08-05T22:14:58.143652 #2936]  INFO -- : 0:  rack-test (0.6.2) from /home/piotrek/.rvm/gems/ruby-2.1.0/specifications/rack-test-0.6.2.gemspec
I, [2014-08-05T22:14:58.144763 #2936]  INFO -- : 0:  actionpack (4.1.2) from /home/piotrek/.rvm/gems/ruby-2.1.0/specifications/actionpack-4.1.2.gemspec
I, [2014-08-05T22:14:58.145651 #2936]  INFO -- : 0:  mime-types (1.25.1) from /home/piotrek/.rvm/gems/ruby-2.1.0/specifications/mime-types-1.25.1.gemspec
I, [2014-08-05T22:14:58.146721 #2936]  INFO -- : 0:  polyglot (0.3.5) from /home/piotrek/.rvm/gems/ruby-2.1.0/specifications/polyglot-0.3.5.gemspec
I, [2014-08-05T22:14:58.147823 #2936]  INFO -- : 0:  treetop (1.4.15) from /home/piotrek/.rvm/gems/ruby-2.1.0/specifications/treetop-1.4.15.gemspec
I, [2014-08-05T22:14:58.149172 #2936]  INFO -- : 0:  mail (2.5.4) from /home/piotrek/.rvm/gems/ruby-2.1.0/specifications/mail-2.5.4.gemspec
I, [2014-08-05T22:14:58.150219 #2936]  INFO -- : 0:  actionmailer (4.1.2) from /home/piotrek/.rvm/gems/ruby-2.1.0/specifications/actionmailer-4.1.2.gemspec
I, [2014-08-05T22:14:58.150594 #2936]  INFO -- : 0:  activemodel (4.1.2) from /home/piotrek/.rvm/gems/ruby-2.1.0/specifications/activemodel-4.1.2.gemspec
I, [2014-08-05T22:14:58.150969 #2936]  INFO -- : 0:  arel (5.0.1.20140414130214) from /home/piotrek/.rvm/gems/ruby-2.1.0/specifications/arel-5.0.1.20140414130214.gemspec
I, [2014-08-05T22:14:58.151329 #2936]  INFO -- : 0:  activerecord (4.1.2) from /home/piotrek/.rvm/gems/ruby-2.1.0/specifications/activerecord-4.1.2.gemspec
I, [2014-08-05T22:14:58.151680 #2936]  INFO -- : 0:  bcrypt (3.1.7) from /home/piotrek/.rvm/gems/ruby-2.1.0/specifications/bcrypt-3.1.7.gemspec
I, [2014-08-05T22:14:58.152025 #2936]  INFO -- : 0:  bundler (1.5.0) from /home/piotrek/.rvm/gems/ruby-2.1.0@global/specifications/bundler-1.5.0.gemspec
I, [2014-08-05T22:14:58.152403 #2936]  INFO -- : 0:  coffee-script-source (1.7.1) from /home/piotrek/.rvm/gems/ruby-2.1.0/specifications/coffee-script-source-1.7.1.gemspec
I, [2014-08-05T22:14:58.152752 #2936]  INFO -- : 0:  execjs (2.2.1) from /home/piotrek/.rvm/gems/ruby-2.1.0/specifications/execjs-2.2.1.gemspec
I, [2014-08-05T22:14:58.153119 #2936]  INFO -- : 0:  coffee-script (2.3.0) from /home/piotrek/.rvm/gems/ruby-2.1.0/specifications/coffee-script-2.3.0.gemspec
I, [2014-08-05T22:14:58.153485 #2936]  INFO -- : 0:  thor (0.19.1) from /home/piotrek/.rvm/gems/ruby-2.1.0/specifications/thor-0.19.1.gemspec
I, [2014-08-05T22:14:58.153851 #2936]  INFO -- : 0:  railties (4.1.2) from /home/piotrek/.rvm/gems/ruby-2.1.0/specifications/railties-4.1.2.gemspec
I, [2014-08-05T22:14:58.154369 #2936]  INFO -- : 0:  coffee-rails (4.0.1) from /home/piotrek/.rvm/gems/ruby-2.1.0/specifications/coffee-rails-4.0.1.gemspec
I, [2014-08-05T22:14:58.154722 #2936]  INFO -- : 0:  orm_adapter (0.5.0) from /home/piotrek/.rvm/gems/ruby-2.1.0/specifications/orm_adapter-0.5.0.gemspec
I, [2014-08-05T22:14:58.155120 #2936]  INFO -- : 0:  warden (1.2.3) from /home/piotrek/.rvm/gems/ruby-2.1.0/specifications/warden-1.2.3.gemspec
I, [2014-08-05T22:14:58.155450 #2936]  INFO -- : 0:  devise (3.2.4) from /home/piotrek/.rvm/gems/ruby-2.1.0/specifications/devise-3.2.4.gemspec
I, [2014-08-05T22:14:58.155769 #2936]  INFO -- : 0:  hike (1.2.3) from /home/piotrek/.rvm/gems/ruby-2.1.0/specifications/hike-1.2.3.gemspec
I, [2014-08-05T22:14:58.156066 #2936]  INFO -- : 0:  multi_json (1.10.1) from /home/piotrek/.rvm/gems/ruby-2.1.0/specifications/multi_json-1.10.1.gemspec
I, [2014-08-05T22:14:58.156473 #2936]  INFO -- : 0:  jbuilder (2.1.3) from /home/piotrek/.rvm/gems/ruby-2.1.0/specifications/jbuilder-2.1.3.gemspec
I, [2014-08-05T22:14:58.156846 #2936]  INFO -- : 0:  jquery-rails (3.1.1) from /home/piotrek/.rvm/gems/ruby-2.1.0/specifications/jquery-rails-3.1.1.gemspec
I, [2014-08-05T22:14:58.157256 #2936]  INFO -- : 0:  tilt (1.4.1) from /home/piotrek/.rvm/gems/ruby-2.1.0/specifications/tilt-1.4.1.gemspec
I, [2014-08-05T22:14:58.157615 #2936]  INFO -- : 0:  sprockets (2.11.0) from /home/piotrek/.rvm/gems/ruby-2.1.0/specifications/sprockets-2.11.0.gemspec
I, [2014-08-05T22:14:58.157947 #2936]  INFO -- : 0:  sprockets-rails (2.1.3) from /home/piotrek/.rvm/gems/ruby-2.1.0/specifications/sprockets-rails-2.1.3.gemspec
I, [2014-08-05T22:14:58.158349 #2936]  INFO -- : 0:  rails (4.1.2) from /home/piotrek/.rvm/gems/ruby-2.1.0/specifications/rails-4.1.2.gemspec
I, [2014-08-05T22:14:58.158690 #2936]  INFO -- : 0:  rdoc (4.1.1) from /home/piotrek/.rvm/gems/ruby-2.1.0/specifications/rdoc-4.1.1.gemspec
I, [2014-08-05T22:14:58.159017 #2936]  INFO -- : 0:  sass (3.2.19) from /home/piotrek/.rvm/gems/ruby-2.1.0/specifications/sass-3.2.19.gemspec
I, [2014-08-05T22:14:58.159354 #2936]  INFO -- : 0:  sass-rails (4.0.3) from /home/piotrek/.rvm/gems/ruby-2.1.0/specifications/sass-rails-4.0.3.gemspec
I, [2014-08-05T22:14:58.159701 #2936]  INFO -- : 0:  sdoc (0.4.0) from /home/piotrek/.rvm/gems/ruby-2.1.0/specifications/sdoc-0.4.0.gemspec
I, [2014-08-05T22:14:58.160019 #2936]  INFO -- : 0:  spring (1.1.3) from /home/piotrek/.rvm/gems/ruby-2.1.0/specifications/spring-1.1.3.gemspec
I, [2014-08-05T22:14:58.160500 #2936]  INFO -- : 0:  sqlite3 (1.3.9) from /home/piotrek/.rvm/gems/ruby-2.1.0/specifications/sqlite3-1.3.9.gemspec
I, [2014-08-05T22:14:58.160944 #2936]  INFO -- : 0:  turbolinks (2.2.2) from /home/piotrek/.rvm/gems/ruby-2.1.0/specifications/turbolinks-2.2.2.gemspec
I, [2014-08-05T22:14:58.162385 #2936]  INFO -- : 0:  uglifier (2.5.3) from /home/piotrek/.rvm/gems/ruby-2.1.0/specifications/uglifier-2.5.3.gemspec
I, [2014-08-07T22:50:21.801212 #9975]  INFO -- : 0:  rake (10.3.2) from /home/piotrek/.rvm/gems/ruby-2.1.0/specifications/rake-10.3.2.gemspec
I, [2014-08-07T22:50:21.802630 #9975]  INFO -- : 0:  i18n (0.6.11) from /home/piotrek/.rvm/gems/ruby-2.1.0/specifications/i18n-0.6.11.gemspec
I, [2014-08-07T22:50:23.121547 #9975]  INFO -- : 0:  json (1.8.1) from /home/piotrek/.rvm/gems/ruby-2.1.0/specifications/json-1.8.1.gemspec
I, [2014-08-07T22:50:23.122240 #9975]  INFO -- : 0:  minitest (5.4.0) from /home/piotrek/.rvm/gems/ruby-2.1.0/specifications/minitest-5.4.0.gemspec
I, [2014-08-07T22:50:23.122613 #9975]  INFO -- : 0:  thread_safe (0.3.4) from /home/piotrek/.rvm/gems/ruby-2.1.0/specifications/thread_safe-0.3.4.gemspec
I, [2014-08-07T22:50:23.122975 #9975]  INFO -- : 0:  tzinfo (1.2.1) from /home/piotrek/.rvm/gems/ruby-2.1.0/specifications/tzinfo-1.2.1.gemspec
I, [2014-08-07T22:50:23.123318 #9975]  INFO -- : 0:  activesupport (4.1.2) from /home/piotrek/.rvm/gems/ruby-2.1.0/specifications/activesupport-4.1.2.gemspec
I, [2014-08-07T22:50:23.123732 #9975]  INFO -- : 0:  builder (3.2.2) from /home/piotrek/.rvm/gems/ruby-2.1.0/specifications/builder-3.2.2.gemspec
I, [2014-08-07T22:50:23.124105 #9975]  INFO -- : 0:  erubis (2.7.0) from /home/piotrek/.rvm/gems/ruby-2.1.0/specifications/erubis-2.7.0.gemspec
I, [2014-08-07T22:50:23.124481 #9975]  INFO -- : 0:  actionview (4.1.2) from /home/piotrek/.rvm/gems/ruby-2.1.0/specifications/actionview-4.1.2.gemspec
I, [2014-08-07T22:50:23.124813 #9975]  INFO -- : 0:  rack (1.5.2) from /home/piotrek/.rvm/gems/ruby-2.1.0/specifications/rack-1.5.2.gemspec
I, [2014-08-07T22:50:23.125183 #9975]  INFO -- : 0:  rack-test (0.6.2) from /home/piotrek/.rvm/gems/ruby-2.1.0/specifications/rack-test-0.6.2.gemspec
I, [2014-08-07T22:50:23.125557 #9975]  INFO -- : 0:  actionpack (4.1.2) from /home/piotrek/.rvm/gems/ruby-2.1.0/specifications/actionpack-4.1.2.gemspec
I, [2014-08-07T22:50:23.125934 #9975]  INFO -- : 0:  mime-types (1.25.1) from /home/piotrek/.rvm/gems/ruby-2.1.0/specifications/mime-types-1.25.1.gemspec
I, [2014-08-07T22:50:23.126251 #9975]  INFO -- : 0:  polyglot (0.3.5) from /home/piotrek/.rvm/gems/ruby-2.1.0/specifications/polyglot-0.3.5.gemspec
I, [2014-08-07T22:50:23.126611 #9975]  INFO -- : 0:  treetop (1.4.15) from /home/piotrek/.rvm/gems/ruby-2.1.0/specifications/treetop-1.4.15.gemspec
I, [2014-08-07T22:50:23.126970 #9975]  INFO -- : 0:  mail (2.5.4) from /home/piotrek/.rvm/gems/ruby-2.1.0/specifications/mail-2.5.4.gemspec
I, [2014-08-07T22:50:23.127314 #9975]  INFO -- : 0:  actionmailer (4.1.2) from /home/piotrek/.rvm/gems/ruby-2.1.0/specifications/actionmailer-4.1.2.gemspec
I, [2014-08-07T22:50:23.127766 #9975]  INFO -- : 0:  activemodel (4.1.2) from /home/piotrek/.rvm/gems/ruby-2.1.0/specifications/activemodel-4.1.2.gemspec
I, [2014-08-07T22:50:23.128080 #9975]  INFO -- : 0:  arel (5.0.1.20140414130214) from /home/piotrek/.rvm/gems/ruby-2.1.0/specifications/arel-5.0.1.20140414130214.gemspec
I, [2014-08-07T22:50:23.128431 #9975]  INFO -- : 0:  activerecord (4.1.2) from /home/piotrek/.rvm/gems/ruby-2.1.0/specifications/activerecord-4.1.2.gemspec
I, [2014-08-07T22:50:23.128818 #9975]  INFO -- : 0:  bcrypt (3.1.7) from /home/piotrek/.rvm/gems/ruby-2.1.0/specifications/bcrypt-3.1.7.gemspec
I, [2014-08-07T22:50:23.129132 #9975]  INFO -- : 0:  bundler (1.5.0) from /home/piotrek/.rvm/gems/ruby-2.1.0@global/specifications/bundler-1.5.0.gemspec
I, [2014-08-07T22:50:23.129461 #9975]  INFO -- : 0:  coffee-script-source (1.7.1) from /home/piotrek/.rvm/gems/ruby-2.1.0/specifications/coffee-script-source-1.7.1.gemspec
I, [2014-08-07T22:50:23.129802 #9975]  INFO -- : 0:  execjs (2.2.1) from /home/piotrek/.rvm/gems/ruby-2.1.0/specifications/execjs-2.2.1.gemspec
I, [2014-08-07T22:50:23.130107 #9975]  INFO -- : 0:  coffee-script (2.3.0) from /home/piotrek/.rvm/gems/ruby-2.1.0/specifications/coffee-script-2.3.0.gemspec
I, [2014-08-07T22:50:23.130453 #9975]  INFO -- : 0:  thor (0.19.1) from /home/piotrek/.rvm/gems/ruby-2.1.0/specifications/thor-0.19.1.gemspec
I, [2014-08-07T22:50:23.130838 #9975]  INFO -- : 0:  railties (4.1.2) from /home/piotrek/.rvm/gems/ruby-2.1.0/specifications/railties-4.1.2.gemspec
I, [2014-08-07T22:50:23.131171 #9975]  INFO -- : 0:  coffee-rails (4.0.1) from /home/piotrek/.rvm/gems/ruby-2.1.0/specifications/coffee-rails-4.0.1.gemspec
I, [2014-08-07T22:50:23.131493 #9975]  INFO -- : 0:  orm_adapter (0.5.0) from /home/piotrek/.rvm/gems/ruby-2.1.0/specifications/orm_adapter-0.5.0.gemspec
I, [2014-08-07T22:50:23.131795 #9975]  INFO -- : 0:  warden (1.2.3) from /home/piotrek/.rvm/gems/ruby-2.1.0/specifications/warden-1.2.3.gemspec
I, [2014-08-07T22:50:23.132095 #9975]  INFO -- : 0:  devise (3.2.4) from /home/piotrek/.rvm/gems/ruby-2.1.0/specifications/devise-3.2.4.gemspec
I, [2014-08-07T22:50:23.132382 #9975]  INFO -- : 0:  hike (1.2.3) from /home/piotrek/.rvm/gems/ruby-2.1.0/specifications/hike-1.2.3.gemspec
I, [2014-08-07T22:50:23.132688 #9975]  INFO -- : 0:  multi_json (1.10.1) from /home/piotrek/.rvm/gems/ruby-2.1.0/specifications/multi_json-1.10.1.gemspec
I, [2014-08-07T22:50:23.133012 #9975]  INFO -- : 0:  jbuilder (2.1.3) from /home/piotrek/.rvm/gems/ruby-2.1.0/specifications/jbuilder-2.1.3.gemspec
I, [2014-08-07T22:50:23.133327 #9975]  INFO -- : 0:  jquery-rails (3.1.1) from /home/piotrek/.rvm/gems/ruby-2.1.0/specifications/jquery-rails-3.1.1.gemspec
I, [2014-08-07T22:50:25.048370 #9975]  INFO -- : 0:  kaminari (0.16.1) from /home/piotrek/.rvm/gems/ruby-2.1.0/specifications/kaminari-0.16.1.gemspec
I, [2014-08-07T22:50:25.048846 #9975]  INFO -- : 0:  tilt (1.4.1) from /home/piotrek/.rvm/gems/ruby-2.1.0/specifications/tilt-1.4.1.gemspec
I, [2014-08-07T22:50:25.049167 #9975]  INFO -- : 0:  sprockets (2.11.0) from /home/piotrek/.rvm/gems/ruby-2.1.0/specifications/sprockets-2.11.0.gemspec
I, [2014-08-07T22:50:25.049471 #9975]  INFO -- : 0:  sprockets-rails (2.1.3) from /home/piotrek/.rvm/gems/ruby-2.1.0/specifications/sprockets-rails-2.1.3.gemspec
I, [2014-08-07T22:50:25.049837 #9975]  INFO -- : 0:  rails (4.1.2) from /home/piotrek/.rvm/gems/ruby-2.1.0/specifications/rails-4.1.2.gemspec
I, [2014-08-07T22:50:25.050155 #9975]  INFO -- : 0:  rdoc (4.1.1) from /home/piotrek/.rvm/gems/ruby-2.1.0/specifications/rdoc-4.1.1.gemspec
I, [2014-08-07T22:50:25.050456 #9975]  INFO -- : 0:  sass (3.2.19) from /home/piotrek/.rvm/gems/ruby-2.1.0/specifications/sass-3.2.19.gemspec
I, [2014-08-07T22:50:25.050774 #9975]  INFO -- : 0:  sass-rails (4.0.3) from /home/piotrek/.rvm/gems/ruby-2.1.0/specifications/sass-rails-4.0.3.gemspec
I, [2014-08-07T22:50:25.051053 #9975]  INFO -- : 0:  sdoc (0.4.0) from /home/piotrek/.rvm/gems/ruby-2.1.0/specifications/sdoc-0.4.0.gemspec
I, [2014-08-07T22:50:25.051340 #9975]  INFO -- : 0:  spring (1.1.3) from /home/piotrek/.rvm/gems/ruby-2.1.0/specifications/spring-1.1.3.gemspec
I, [2014-08-07T22:50:25.051621 #9975]  INFO -- : 0:  sqlite3 (1.3.9) from /home/piotrek/.rvm/gems/ruby-2.1.0/specifications/sqlite3-1.3.9.gemspec
I, [2014-08-07T22:50:25.051909 #9975]  INFO -- : 0:  turbolinks (2.2.2) from /home/piotrek/.rvm/gems/ruby-2.1.0/specifications/turbolinks-2.2.2.gemspec
I, [2014-08-07T22:50:25.052199 #9975]  INFO -- : 0:  uglifier (2.5.3) from /home/piotrek/.rvm/gems/ruby-2.1.0/specifications/uglifier-2.5.3.gemspec
I, [2014-08-26T15:18:22.447999 #2832]  INFO -- : 0:  rake (10.3.2) from /home/piotrek/.rvm/gems/ruby-2.1.0/specifications/rake-10.3.2.gemspec
I, [2014-08-26T15:18:22.448440 #2832]  INFO -- : 0:  i18n (0.6.11) from /home/piotrek/.rvm/gems/ruby-2.1.0/specifications/i18n-0.6.11.gemspec
I, [2014-08-26T15:18:23.859710 #2832]  INFO -- : 0:  json (1.8.1) from /home/piotrek/.rvm/gems/ruby-2.1.0/specifications/json-1.8.1.gemspec
I, [2014-08-26T15:18:23.861665 #2832]  INFO -- : 0:  minitest (5.4.0) from /home/piotrek/.rvm/gems/ruby-2.1.0/specifications/minitest-5.4.0.gemspec
I, [2014-08-26T15:18:23.862786 #2832]  INFO -- : 0:  thread_safe (0.3.4) from /home/piotrek/.rvm/gems/ruby-2.1.0/specifications/thread_safe-0.3.4.gemspec
I, [2014-08-26T15:18:23.863849 #2832]  INFO -- : 0:  tzinfo (1.2.1) from /home/piotrek/.rvm/gems/ruby-2.1.0/specifications/tzinfo-1.2.1.gemspec
I, [2014-08-26T15:18:23.864969 #2832]  INFO -- : 0:  activesupport (4.1.2) from /home/piotrek/.rvm/gems/ruby-2.1.0/specifications/activesupport-4.1.2.gemspec
I, [2014-08-26T15:18:23.866099 #2832]  INFO -- : 0:  builder (3.2.2) from /home/piotrek/.rvm/gems/ruby-2.1.0/specifications/builder-3.2.2.gemspec
I, [2014-08-26T15:18:23.867156 #2832]  INFO -- : 0:  erubis (2.7.0) from /home/piotrek/.rvm/gems/ruby-2.1.0/specifications/erubis-2.7.0.gemspec
I, [2014-08-26T15:18:23.868245 #2832]  INFO -- : 0:  actionview (4.1.2) from /home/piotrek/.rvm/gems/ruby-2.1.0/specifications/actionview-4.1.2.gemspec
I, [2014-08-26T15:18:23.869253 #2832]  INFO -- : 0:  rack (1.5.2) from /home/piotrek/.rvm/gems/ruby-2.1.0/specifications/rack-1.5.2.gemspec
I, [2014-08-26T15:18:23.870451 #2832]  INFO -- : 0:  rack-test (0.6.2) from /home/piotrek/.rvm/gems/ruby-2.1.0/specifications/rack-test-0.6.2.gemspec
I, [2014-08-26T15:18:23.871743 #2832]  INFO -- : 0:  actionpack (4.1.2) from /home/piotrek/.rvm/gems/ruby-2.1.0/specifications/actionpack-4.1.2.gemspec
I, [2014-08-26T15:18:23.878587 #2832]  INFO -- : 0:  mime-types (1.25.1) from /home/piotrek/.rvm/gems/ruby-2.1.0/specifications/mime-types-1.25.1.gemspec
I, [2014-08-26T15:18:23.879443 #2832]  INFO -- : 0:  polyglot (0.3.5) from /home/piotrek/.rvm/gems/ruby-2.1.0/specifications/polyglot-0.3.5.gemspec
I, [2014-08-26T15:18:23.880057 #2832]  INFO -- : 0:  treetop (1.4.15) from /home/piotrek/.rvm/gems/ruby-2.1.0/specifications/treetop-1.4.15.gemspec
I, [2014-08-26T15:18:23.880498 #2832]  INFO -- : 0:  mail (2.5.4) from /home/piotrek/.rvm/gems/ruby-2.1.0/specifications/mail-2.5.4.gemspec
I, [2014-08-26T15:18:23.880924 #2832]  INFO -- : 0:  actionmailer (4.1.2) from /home/piotrek/.rvm/gems/ruby-2.1.0/specifications/actionmailer-4.1.2.gemspec
I, [2014-08-26T15:18:23.881252 #2832]  INFO -- : 0:  activemodel (4.1.2) from /home/piotrek/.rvm/gems/ruby-2.1.0/specifications/activemodel-4.1.2.gemspec
I, [2014-08-26T15:18:23.881579 #2832]  INFO -- : 0:  arel (5.0.1.20140414130214) from /home/piotrek/.rvm/gems/ruby-2.1.0/specifications/arel-5.0.1.20140414130214.gemspec
I, [2014-08-26T15:18:23.881954 #2832]  INFO -- : 0:  activerecord (4.1.2) from /home/piotrek/.rvm/gems/ruby-2.1.0/specifications/activerecord-4.1.2.gemspec
I, [2014-08-26T15:18:23.882454 #2832]  INFO -- : 0:  execjs (2.2.1) from /home/piotrek/.rvm/gems/ruby-2.1.0/specifications/execjs-2.2.1.gemspec
I, [2014-08-26T15:18:23.882894 #2832]  INFO -- : 0:  autoprefixer-rails (2.2.0.20140804) from /home/piotrek/.rvm/gems/ruby-2.1.0/specifications/autoprefixer-rails-2.2.0.20140804.gemspec
I, [2014-08-26T15:18:23.883204 #2832]  INFO -- : 0:  bcrypt (3.1.7) from /home/piotrek/.rvm/gems/ruby-2.1.0/specifications/bcrypt-3.1.7.gemspec
I, [2014-08-26T15:18:23.883552 #2832]  INFO -- : 0:  sass (3.2.19) from /home/piotrek/.rvm/gems/ruby-2.1.0/specifications/sass-3.2.19.gemspec
I, [2014-08-26T15:18:23.883881 #2832]  INFO -- : 0:  bootstrap-sass (3.2.0.1) from /home/piotrek/.rvm/gems/ruby-2.1.0/specifications/bootstrap-sass-3.2.0.1.gemspec
I, [2014-08-26T15:18:23.884217 #2832]  INFO -- : 0:  bundler (1.5.0) from /home/piotrek/.rvm/gems/ruby-2.1.0@global/specifications/bundler-1.5.0.gemspec
I, [2014-08-26T15:18:23.884521 #2832]  INFO -- : 0:  coffee-script-source (1.7.1) from /home/piotrek/.rvm/gems/ruby-2.1.0/specifications/coffee-script-source-1.7.1.gemspec
I, [2014-08-26T15:18:23.884871 #2832]  INFO -- : 0:  coffee-script (2.3.0) from /home/piotrek/.rvm/gems/ruby-2.1.0/specifications/coffee-script-2.3.0.gemspec
I, [2014-08-26T15:18:23.885166 #2832]  INFO -- : 0:  thor (0.19.1) from /home/piotrek/.rvm/gems/ruby-2.1.0/specifications/thor-0.19.1.gemspec
I, [2014-08-26T15:18:23.885515 #2832]  INFO -- : 0:  railties (4.1.2) from /home/piotrek/.rvm/gems/ruby-2.1.0/specifications/railties-4.1.2.gemspec
I, [2014-08-26T15:18:23.885799 #2832]  INFO -- : 0:  coffee-rails (4.0.1) from /home/piotrek/.rvm/gems/ruby-2.1.0/specifications/coffee-rails-4.0.1.gemspec
I, [2014-08-26T15:18:23.886125 #2832]  INFO -- : 0:  orm_adapter (0.5.0) from /home/piotrek/.rvm/gems/ruby-2.1.0/specifications/orm_adapter-0.5.0.gemspec
I, [2014-08-26T15:18:23.886442 #2832]  INFO -- : 0:  warden (1.2.3) from /home/piotrek/.rvm/gems/ruby-2.1.0/specifications/warden-1.2.3.gemspec
I, [2014-08-26T15:18:23.886745 #2832]  INFO -- : 0:  devise (3.2.4) from /home/piotrek/.rvm/gems/ruby-2.1.0/specifications/devise-3.2.4.gemspec
I, [2014-08-26T15:18:23.887260 #2832]  INFO -- : 0:  hike (1.2.3) from /home/piotrek/.rvm/gems/ruby-2.1.0/specifications/hike-1.2.3.gemspec
I, [2014-08-26T15:18:23.887785 #2832]  INFO -- : 0:  multi_json (1.10.1) from /home/piotrek/.rvm/gems/ruby-2.1.0/specifications/multi_json-1.10.1.gemspec
I, [2014-08-26T15:18:23.888286 #2832]  INFO -- : 0:  jbuilder (2.1.3) from /home/piotrek/.rvm/gems/ruby-2.1.0/specifications/jbuilder-2.1.3.gemspec
I, [2014-08-26T15:18:23.888711 #2832]  INFO -- : 0:  jquery-rails (3.1.1) from /home/piotrek/.rvm/gems/ruby-2.1.0/specifications/jquery-rails-3.1.1.gemspec
I, [2014-08-26T15:18:23.889133 #2832]  INFO -- : 0:  tilt (1.4.1) from /home/piotrek/.rvm/gems/ruby-2.1.0/specifications/tilt-1.4.1.gemspec
I, [2014-08-26T15:18:23.889546 #2832]  INFO -- : 0:  sprockets (2.11.0) from /home/piotrek/.rvm/gems/ruby-2.1.0/specifications/sprockets-2.11.0.gemspec
I, [2014-08-26T15:18:23.890046 #2832]  INFO -- : 0:  sprockets-rails (2.1.3) from /home/piotrek/.rvm/gems/ruby-2.1.0/specifications/sprockets-rails-2.1.3.gemspec
I, [2014-08-26T15:18:23.890538 #2832]  INFO -- : 0:  rails (4.1.2) from /home/piotrek/.rvm/gems/ruby-2.1.0/specifications/rails-4.1.2.gemspec
I, [2014-08-26T15:18:23.891011 #2832]  INFO -- : 0:  rdoc (4.1.1) from /home/piotrek/.rvm/gems/ruby-2.1.0/specifications/rdoc-4.1.1.gemspec
I, [2014-08-26T15:18:23.891340 #2832]  INFO -- : 0:  sass-rails (4.0.3) from /home/piotrek/.rvm/gems/ruby-2.1.0/specifications/sass-rails-4.0.3.gemspec
I, [2014-08-26T15:18:23.891725 #2832]  INFO -- : 0:  sdoc (0.4.0) from /home/piotrek/.rvm/gems/ruby-2.1.0/specifications/sdoc-0.4.0.gemspec
I, [2014-08-26T15:18:23.892096 #2832]  INFO -- : 0:  spring (1.1.3) from /home/piotrek/.rvm/gems/ruby-2.1.0/specifications/spring-1.1.3.gemspec
I, [2014-08-26T15:18:23.892461 #2832]  INFO -- : 0:  sqlite3 (1.3.9) from /home/piotrek/.rvm/gems/ruby-2.1.0/specifications/sqlite3-1.3.9.gemspec
I, [2014-08-26T15:18:23.892786 #2832]  INFO -- : 0:  turbolinks (2.2.2) from /home/piotrek/.rvm/gems/ruby-2.1.0/specifications/turbolinks-2.2.2.gemspec
I, [2014-08-26T15:18:23.893224 #2832]  INFO -- : 0:  uglifier (2.5.3) from /home/piotrek/.rvm/gems/ruby-2.1.0/specifications/uglifier-2.5.3.gemspec
